#
# A fatal error has been detected by the Java Runtime Environment:
#
#  EXCEPTION_ACCESS_VIOLATION (0xc0000005) at pc=0x00007ffb37ac7214, pid=4700, tid=14004
#
# JRE version: Java(TM) SE Runtime Environment (8.0_71-b15) (build 1.8.0_71-b15)
# Java VM: Java HotSpot(TM) 64-Bit Server VM (25.71-b15 mixed mode windows-amd64 compressed oops)
# Problematic frame:
# C  [MFS100Dll.dll+0x7214]
#
# Failed to write core dump. Minidumps are not enabled by default on client versions of Windows
#
# If you would like to submit a bug report, please visit:
#   http://bugreport.java.com/bugreport/crash.jsp
# The crash happened outside the Java Virtual Machine in native code.
# See problematic frame for where to report the bug.
#

---------------  T H R E A D  ---------------

Current thread (0x0000000019f62000):  JavaThread "Thread-131" [_thread_in_native, id=14004, stack(0x000000002ca80000,0x000000002cb80000)]

siginfo: ExceptionCode=0xc0000005, reading address 0x0000000000000000

Registers:
RAX=0x00000000000000ff, RBX=0x0000000000000000, RCX=0x0000000000000000, RDX=0xffffffffe3bd6bf0
RSP=0x000000002cb7edb0, RBP=0x0000000000000000, RSI=0x000000001c429410, RDI=0x0000000000000000
R8 =0x000000001c429410, R9 =0x0000000000000002, R10=0x000000000000013c, R11=0x0000000000000000
R12=0x0000000000000139, R13=0x0000000000000162, R14=0x000000001c429410, R15=0x000000002cb7ee84
RIP=0x00007ffb37ac7214, EFLAGS=0x0000000000010206

Top of Stack: (sp=0x000000002cb7edb0)
0x000000002cb7edb0:   000000000000013c ffffffff00000162
0x000000002cb7edc0:   00000000000001f4 000000001c429410
0x000000002cb7edd0:   0000000000000162 0000000000000000
0x000000002cb7ede0:   0000000019d067c0 00007ffb37ac27c8
0x000000002cb7edf0:   0000000000000000 000000000000013c
0x000000002cb7ee00:   000000002cb7ee80 0000000000000010
0x000000002cb7ee10:   0000000000000001 000000005984cb87
0x000000002cb7ee20:   00000000176dfa40 0000000019f62000
0x000000002cb7ee30:   000000002cb7ef40 0000000019f621f8
0x000000002cb7ee40:   0000000019d067c0 00007ffb37ac12da
0x000000002cb7ee50:   000000001c429410 000000002cb7ef40
0x000000002cb7ee60:   000000002cb7ef38 00000000176dfa40
0x000000002cb7ee70:   000000001c429410 0000000019f621f8
0x000000002cb7ee80:   000000000001b4f8 00000000172fd3d0
0x000000002cb7ee90:   0000000000000000 0000000003105e34
0x000000002cb7eea0:   0000000000000010 00000000176dfa40 

Instructions: (pc=0x00007ffb37ac7214)
0x00007ffb37ac71f4:   8d 62 fd 48 2b d6 4c 8d 04 37 48 0f af c3 4c 8d
0x00007ffb37ac7204:   4c 28 02 66 0f 1f 84 00 00 00 00 00 41 0f b6 00
0x00007ffb37ac7214:   42 0f b6 0c 02 49 83 c3 04 2b c8 41 0f b6 40 01
0x00007ffb37ac7224:   49 83 c0 04 0f af c9 66 0f 6e c1 43 0f b6 4c 19 


Register to memory mapping:

RAX=0x00000000000000ff is an unknown value
RBX=0x0000000000000000 is an unknown value
RCX=0x0000000000000000 is an unknown value
RDX=0xffffffffe3bd6bf0 is an unknown value
RSP=0x000000002cb7edb0 is pointing into the stack for thread: 0x0000000019f62000
RBP=0x0000000000000000 is an unknown value
RSI=0x000000001c429410 is an unknown value
RDI=0x0000000000000000 is an unknown value
R8 =0x000000001c429410 is an unknown value
R9 =0x0000000000000002 is an unknown value
R10=0x000000000000013c is an unknown value
R11=0x0000000000000000 is an unknown value
R12=0x0000000000000139 is an unknown value
R13=0x0000000000000162 is an unknown value
R14=0x000000001c429410 is an unknown value
R15=0x000000002cb7ee84 is pointing into the stack for thread: 0x0000000019f62000


Stack: [0x000000002ca80000,0x000000002cb80000],  sp=0x000000002cb7edb0,  free space=1019k
Native frames: (J=compiled Java code, j=interpreted, Vv=VM code, C=native code)

Java frames: (J=compiled Java code, j=interpreted, Vv=VM code)
j  MFS100.MFS100API.MFS100GetQuality([B[I)I+0
j  MFS100.MFS100.ImageCallback()V+130
j  MFS100.MFS100.access$000(LMFS100/MFS100;)V+1
j  MFS100.MFS100$1.run()V+4
j  java.lang.Thread.run()V+11
v  ~StubRoutines::call_stub

---------------  P R O C E S S  ---------------

Java Threads: ( => current thread )
=>0x0000000019f62000 JavaThread "Thread-131" [_thread_in_native, id=14004, stack(0x000000002ca80000,0x000000002cb80000)]
  0x0000000002ff2800 JavaThread "DestroyJavaVM" [_thread_blocked, id=7936, stack(0x0000000002ef0000,0x0000000002ff0000)]
  0x0000000019da5000 JavaThread "AWT-EventQueue-0" [_thread_blocked, id=9400, stack(0x000000001b360000,0x000000001b460000)]
  0x0000000019d2f800 JavaThread "AWT-Windows" daemon [_thread_in_native, id=7096, stack(0x000000001a6e0000,0x000000001a7e0000)]
  0x0000000019d2c800 JavaThread "AWT-Shutdown" [_thread_blocked, id=6200, stack(0x000000001a5e0000,0x000000001a6e0000)]
  0x0000000019d2c000 JavaThread "Java2D Disposer" daemon [_thread_blocked, id=4064, stack(0x000000001a4e0000,0x000000001a5e0000)]
  0x00000000195d0800 JavaThread "Service Thread" daemon [_thread_blocked, id=11404, stack(0x00000000199b0000,0x0000000019ab0000)]
  0x0000000017c78000 JavaThread "C1 CompilerThread2" daemon [_thread_blocked, id=7076, stack(0x00000000194b0000,0x00000000195b0000)]
  0x0000000017c72000 JavaThread "C2 CompilerThread1" daemon [_thread_blocked, id=16312, stack(0x00000000193b0000,0x00000000194b0000)]
  0x0000000017c6e800 JavaThread "C2 CompilerThread0" daemon [_thread_blocked, id=10460, stack(0x00000000192b0000,0x00000000193b0000)]
  0x0000000017c6d000 JavaThread "Attach Listener" daemon [_thread_blocked, id=10156, stack(0x00000000191b0000,0x00000000192b0000)]
  0x0000000017c6c000 JavaThread "Signal Dispatcher" daemon [_thread_blocked, id=9576, stack(0x00000000190b0000,0x00000000191b0000)]
  0x00000000030e8800 JavaThread "Finalizer" daemon [_thread_blocked, id=10832, stack(0x0000000018ec0000,0x0000000018fc0000)]
  0x00000000030df000 JavaThread "Reference Handler" daemon [_thread_blocked, id=4408, stack(0x0000000018dc0000,0x0000000018ec0000)]

Other Threads:
  0x0000000017c37800 VMThread [stack: 0x0000000018cc0000,0x0000000018dc0000] [id=1436]
  0x00000000195f7000 WatcherThread [stack: 0x0000000019ab0000,0x0000000019bb0000] [id=412]

VM state:not at safepoint (normal execution)

VM Mutex/Monitor currently owned by a thread: None

Heap:
 PSYoungGen      total 58368K, used 17734K [0x00000000d5b80000, 0x00000000d9c80000, 0x0000000100000000)
  eden space 53248K, 32% used [0x00000000d5b80000,0x00000000d6c3a180,0x00000000d8f80000)
  from space 5120K, 11% used [0x00000000d9780000,0x00000000d98177f8,0x00000000d9c80000)
  to   space 6656K, 0% used [0x00000000d8f80000,0x00000000d8f80000,0x00000000d9600000)
 ParOldGen       total 87552K, used 5347K [0x0000000081200000, 0x0000000086780000, 0x00000000d5b80000)
  object space 87552K, 6% used [0x0000000081200000,0x0000000081738de8,0x0000000086780000)
 Metaspace       used 14693K, capacity 14932K, committed 15232K, reserved 1062912K
  class space    used 1805K, capacity 1900K, committed 1920K, reserved 1048576K

Card table byte_map: [0x00000000124b0000,0x00000000128b0000] byte_map_base: 0x00000000120a7000

Marking Bits: (ParMarkBitMap*) 0x000000005780f600
 Begin Bits: [0x0000000012f60000, 0x0000000014f18000)
 End Bits:   [0x0000000014f18000, 0x0000000016ed0000)

Polling page: 0x0000000002dc0000

CodeCache: size=245760Kb used=4402Kb max_used=4402Kb free=241357Kb
 bounds [0x00000000030f0000, 0x0000000003550000, 0x00000000120f0000]
 total_blobs=1887 nmethods=1360 adapters=439
 compilation: enabled

Compilation events (10 events):
Event: 13.703 Thread 0x0000000017c78000 1452       3       sun.java2d.SunGraphics2D::intersectShapes (76 bytes)
Event: 13.704 Thread 0x0000000017c78000 nmethod 1452 0x000000000353e190 code [0x000000000353e380, 0x000000000353f018]
Event: 13.762 Thread 0x0000000017c78000 1453       3       java.awt.event.InvocationEvent::<init> (52 bytes)
Event: 13.762 Thread 0x0000000017c78000 nmethod 1453 0x000000000353f1d0 code [0x000000000353f340, 0x000000000353f588]
Event: 13.762 Thread 0x0000000017c78000 1454       3       sun.awt.AWTAccessor::getEventQueueAccessor (18 bytes)
Event: 13.762 Thread 0x0000000017c78000 nmethod 1454 0x000000000353f650 code [0x000000000353f7c0, 0x000000000353fa28]
Event: 13.768 Thread 0x0000000017c78000 1455       3       java.awt.KeyboardFocusManager::checkKFMSecurity (11 bytes)
Event: 13.769 Thread 0x0000000017c78000 nmethod 1455 0x000000000353fad0 code [0x000000000353fca0, 0x00000000035401b8]
Event: 13.769 Thread 0x0000000017c78000 1456       3       sun.awt.AWTAccessor::getAWTEventAccessor (18 bytes)
Event: 13.770 Thread 0x0000000017c78000 nmethod 1456 0x00000000035403d0 code [0x0000000003540540, 0x0000000003540788]

GC Heap History (10 events):
Event: 9.273 GC heap before
{Heap before GC invocations=8 (full 0):
 PSYoungGen      total 62464K, used 62036K [0x00000000d5b80000, 0x00000000da300000, 0x0000000100000000)
  eden space 60928K, 100% used [0x00000000d5b80000,0x00000000d9700000,0x00000000d9700000)
  from space 1536K, 72% used [0x00000000d9980000,0x00000000d9a95080,0x00000000d9b00000)
  to   space 6144K, 0% used [0x00000000d9d00000,0x00000000d9d00000,0x00000000da300000)
 ParOldGen       total 87552K, used 4287K [0x0000000081200000, 0x0000000086780000, 0x00000000d5b80000)
  object space 87552K, 4% used [0x0000000081200000,0x000000008162fe58,0x0000000086780000)
 Metaspace       used 14534K, capacity 14796K, committed 14976K, reserved 1062912K
  class space    used 1805K, capacity 1900K, committed 1920K, reserved 1048576K
Event: 9.275 GC heap after
Heap after GC invocations=8 (full 0):
 PSYoungGen      total 64000K, used 1140K [0x00000000d5b80000, 0x00000000da180000, 0x0000000100000000)
  eden space 59392K, 0% used [0x00000000d5b80000,0x00000000d5b80000,0x00000000d9580000)
  from space 4608K, 24% used [0x00000000d9d00000,0x00000000d9e1d080,0x00000000da180000)
  to   space 6144K, 0% used [0x00000000d9580000,0x00000000d9580000,0x00000000d9b80000)
 ParOldGen       total 87552K, used 4303K [0x0000000081200000, 0x0000000086780000, 0x00000000d5b80000)
  object space 87552K, 4% used [0x0000000081200000,0x0000000081633e58,0x0000000086780000)
 Metaspace       used 14534K, capacity 14796K, committed 14976K, reserved 1062912K
  class space    used 1805K, capacity 1900K, committed 1920K, reserved 1048576K
}
Event: 12.117 GC heap before
{Heap before GC invocations=9 (full 0):
 PSYoungGen      total 64000K, used 60532K [0x00000000d5b80000, 0x00000000da180000, 0x0000000100000000)
  eden space 59392K, 100% used [0x00000000d5b80000,0x00000000d9580000,0x00000000d9580000)
  from space 4608K, 24% used [0x00000000d9d00000,0x00000000d9e1d080,0x00000000da180000)
  to   space 6144K, 0% used [0x00000000d9580000,0x00000000d9580000,0x00000000d9b80000)
 ParOldGen       total 87552K, used 4303K [0x0000000081200000, 0x0000000086780000, 0x00000000d5b80000)
  object space 87552K, 4% used [0x0000000081200000,0x0000000081633e58,0x0000000086780000)
 Metaspace       used 14591K, capacity 14868K, committed 14976K, reserved 1062912K
  class space    used 1805K, capacity 1900K, committed 1920K, reserved 1048576K
Event: 12.120 GC heap after
Heap after GC invocations=9 (full 0):
 PSYoungGen      total 59392K, used 1172K [0x00000000d5b80000, 0x00000000da100000, 0x0000000100000000)
  eden space 57856K, 0% used [0x00000000d5b80000,0x00000000d5b80000,0x00000000d9400000)
  from space 1536K, 76% used [0x00000000d9580000,0x00000000d96a5080,0x00000000d9700000)
  to   space 6656K, 0% used [0x00000000d9a80000,0x00000000d9a80000,0x00000000da100000)
 ParOldGen       total 87552K, used 4722K [0x0000000081200000, 0x0000000086780000, 0x00000000d5b80000)
  object space 87552K, 5% used [0x0000000081200000,0x000000008169cb40,0x0000000086780000)
 Metaspace       used 14591K, capacity 14868K, committed 14976K, reserved 1062912K
  class space    used 1805K, capacity 1900K, committed 1920K, reserved 1048576K
}
Event: 12.707 GC heap before
{Heap before GC invocations=10 (full 0):
 PSYoungGen      total 59392K, used 59028K [0x00000000d5b80000, 0x00000000da100000, 0x0000000100000000)
  eden space 57856K, 100% used [0x00000000d5b80000,0x00000000d9400000,0x00000000d9400000)
  from space 1536K, 76% used [0x00000000d9580000,0x00000000d96a5080,0x00000000d9700000)
  to   space 6656K, 0% used [0x00000000d9a80000,0x00000000d9a80000,0x00000000da100000)
 ParOldGen       total 87552K, used 4722K [0x0000000081200000, 0x0000000086780000, 0x00000000d5b80000)
  object space 87552K, 5% used [0x0000000081200000,0x000000008169cb40,0x0000000086780000)
 Metaspace       used 14643K, capacity 14868K, committed 14976K, reserved 1062912K
  class space    used 1805K, capacity 1900K, committed 1920K, reserved 1048576K
Event: 12.708 GC heap after
Heap after GC invocations=10 (full 0):
 PSYoungGen      total 61440K, used 1204K [0x00000000d5b80000, 0x00000000d9f80000, 0x0000000100000000)
  eden space 56320K, 0% used [0x00000000d5b80000,0x00000000d5b80000,0x00000000d9280000)
  from space 5120K, 23% used [0x00000000d9a80000,0x00000000d9bad080,0x00000000d9f80000)
  to   space 6656K, 0% used [0x00000000d9280000,0x00000000d9280000,0x00000000d9900000)
 ParOldGen       total 87552K, used 4730K [0x0000000081200000, 0x0000000086780000, 0x00000000d5b80000)
  object space 87552K, 5% used [0x0000000081200000,0x000000008169eb40,0x0000000086780000)
 Metaspace       used 14643K, capacity 14868K, committed 14976K, reserved 1062912K
  class space    used 1805K, capacity 1900K, committed 1920K, reserved 1048576K
}
Event: 13.161 GC heap before
{Heap before GC invocations=11 (full 0):
 PSYoungGen      total 61440K, used 57367K [0x00000000d5b80000, 0x00000000d9f80000, 0x0000000100000000)
  eden space 56320K, 99% used [0x00000000d5b80000,0x00000000d9258e88,0x00000000d9280000)
  from space 5120K, 23% used [0x00000000d9a80000,0x00000000d9bad080,0x00000000d9f80000)
  to   space 6656K, 0% used [0x00000000d9280000,0x00000000d9280000,0x00000000d9900000)
 ParOldGen       total 87552K, used 4730K [0x0000000081200000, 0x0000000086780000, 0x00000000d5b80000)
  object space 87552K, 5% used [0x0000000081200000,0x000000008169eb40,0x0000000086780000)
 Metaspace       used 14652K, capacity 14932K, committed 15232K, reserved 1062912K
  class space    used 1805K, capacity 1900K, committed 1920K, reserved 1048576K
Event: 13.162 GC heap after
Heap after GC invocations=11 (full 0):
 PSYoungGen      total 55296K, used 456K [0x00000000d5b80000, 0x00000000d9e00000, 0x0000000100000000)
  eden space 54784K, 0% used [0x00000000d5b80000,0x00000000d5b80000,0x00000000d9100000)
  from space 512K, 89% used [0x00000000d9280000,0x00000000d92f2350,0x00000000d9300000)
  to   space 6656K, 0% used [0x00000000d9780000,0x00000000d9780000,0x00000000d9e00000)
 ParOldGen       total 87552K, used 5304K [0x0000000081200000, 0x0000000086780000, 0x00000000d5b80000)
  object space 87552K, 6% used [0x0000000081200000,0x000000008172e288,0x0000000086780000)
 Metaspace       used 14652K, capacity 14932K, committed 15232K, reserved 1062912K
  class space    used 1805K, capacity 1900K, committed 1920K, reserved 1048576K
}
Event: 13.595 GC heap before
{Heap before GC invocations=12 (full 0):
 PSYoungGen      total 55296K, used 55240K [0x00000000d5b80000, 0x00000000d9e00000, 0x0000000100000000)
  eden space 54784K, 100% used [0x00000000d5b80000,0x00000000d9100000,0x00000000d9100000)
  from space 512K, 89% used [0x00000000d9280000,0x00000000d92f2350,0x00000000d9300000)
  to   space 6656K, 0% used [0x00000000d9780000,0x00000000d9780000,0x00000000d9e00000)
 ParOldGen       total 87552K, used 5304K [0x0000000081200000, 0x0000000086780000, 0x00000000d5b80000)
  object space 87552K, 6% used [0x0000000081200000,0x000000008172e288,0x0000000086780000)
 Metaspace       used 14675K, capacity 14932K, committed 15232K, reserved 1062912K
  class space    used 1805K, capacity 1900K, committed 1920K, reserved 1048576K
Event: 13.596 GC heap after
Heap after GC invocations=12 (full 0):
 PSYoungGen      total 58368K, used 605K [0x00000000d5b80000, 0x00000000d9c80000, 0x0000000100000000)
  eden space 53248K, 0% used [0x00000000d5b80000,0x00000000d5b80000,0x00000000d8f80000)
  from space 5120K, 11% used [0x00000000d9780000,0x00000000d98177f8,0x00000000d9c80000)
  to   space 6656K, 0% used [0x00000000d8f80000,0x00000000d8f80000,0x00000000d9600000)
 ParOldGen       total 87552K, used 5347K [0x0000000081200000, 0x0000000086780000, 0x00000000d5b80000)
  object space 87552K, 6% used [0x0000000081200000,0x0000000081738de8,0x0000000086780000)
 Metaspace       used 14675K, capacity 14932K, committed 15232K, reserved 1062912K
  class space    used 1805K, capacity 1900K, committed 1920K, reserved 1048576K
}

Deoptimization events (10 events):
Event: 3.406 Thread 0x000000001a016000 Uncommon trap: reason=class_check action=maybe_recompile pc=0x00000000032cce94 method=java.util.HashMap.putVal(ILjava/lang/Object;Ljava/lang/Object;ZZ)Ljava/lang/Object; @ 253
Event: 3.636 Thread 0x0000000019da5000 Uncommon trap: reason=unstable_if action=reinterpret pc=0x00000000033ab1c4 method=java.awt.image.ComponentColorModel.getRGB(Ljava/lang/Object;)I @ 4
Event: 3.676 Thread 0x0000000019da5000 Uncommon trap: reason=unstable_if action=reinterpret pc=0x00000000033d6a90 method=sun.awt.image.OffScreenImageSource.sendPixels()V @ 663
Event: 3.771 Thread 0x0000000019da5000 Uncommon trap: reason=range_check action=make_not_entrant pc=0x00000000033e0474 method=java.awt.image.DirectColorModel.setFields()V @ 65
Event: 5.749 Thread 0x0000000019da5000 Uncommon trap: reason=unstable_if action=reinterpret pc=0x0000000003395f9c method=java.util.HashMap.putVal(ILjava/lang/Object;Ljava/lang/Object;ZZ)Ljava/lang/Object; @ 109
Event: 5.749 Thread 0x0000000019da5000 Uncommon trap: reason=unstable_if action=reinterpret pc=0x00000000034416d8 method=java.util.HashMap.putVal(ILjava/lang/Object;Ljava/lang/Object;ZZ)Ljava/lang/Object; @ 109
Event: 6.846 Thread 0x0000000019da5000 Uncommon trap: reason=class_check action=maybe_recompile pc=0x0000000003293168 method=java.lang.String.equals(Ljava/lang/Object;)Z @ 8
Event: 6.846 Thread 0x0000000019da5000 Uncommon trap: reason=class_check action=maybe_recompile pc=0x0000000003293168 method=java.lang.String.equals(Ljava/lang/Object;)Z @ 8
Event: 6.846 Thread 0x0000000019da5000 Uncommon trap: reason=class_check action=maybe_recompile pc=0x0000000003293168 method=java.lang.String.equals(Ljava/lang/Object;)Z @ 8
Event: 11.369 Thread 0x0000000019da5000 Uncommon trap: reason=class_check action=maybe_recompile pc=0x0000000003293168 method=java.lang.String.equals(Ljava/lang/Object;)Z @ 8

Internal exceptions (10 events):
Event: 0.336 Thread 0x0000000002ff2800 Exception <a 'java/lang/ClassNotFoundException': ToolBar> (0x00000000d6156578) thrown at [C:\re\workspace\8-2-build-windows-amd64-cygwin\jdk8u71\5731\hotspot\src\share\vm\classfile\systemDictionary.cpp, line 210]
Event: 0.337 Thread 0x0000000002ff2800 Exception <a 'java/lang/ClassNotFoundException': ToggleButton> (0x00000000d6156b28) thrown at [C:\re\workspace\8-2-build-windows-amd64-cygwin\jdk8u71\5731\hotspot\src\share\vm\classfile\systemDictionary.cpp, line 210]
Event: 0.337 Thread 0x0000000002ff2800 Exception <a 'java/lang/ClassNotFoundException': javax/swing/JToolBarSeparator> (0x00000000d6156f88) thrown at [C:\re\workspace\8-2-build-windows-amd64-cygwin\jdk8u71\5731\hotspot\src\share\vm\classfile\systemDictionary.cpp, line 210]
Event: 0.337 Thread 0x0000000002ff2800 Exception <a 'java/lang/ClassNotFoundException': ToolBarSeparator> (0x00000000d6157420) thrown at [C:\re\workspace\8-2-build-windows-amd64-cygwin\jdk8u71\5731\hotspot\src\share\vm\classfile\systemDictionary.cpp, line 210]
Event: 0.337 Thread 0x0000000002ff2800 Exception <a 'java/lang/ClassNotFoundException': ToolTip> (0x00000000d6157b60) thrown at [C:\re\workspace\8-2-build-windows-amd64-cygwin\jdk8u71\5731\hotspot\src\share\vm\classfile\systemDictionary.cpp, line 210]
Event: 0.338 Thread 0x0000000002ff2800 Exception <a 'java/lang/ClassNotFoundException': Tree> (0x00000000d6158780) thrown at [C:\re\workspace\8-2-build-windows-amd64-cygwin\jdk8u71\5731\hotspot\src\share\vm\classfile\systemDictionary.cpp, line 210]
Event: 0.338 Thread 0x0000000002ff2800 Exception <a 'java/lang/ClassNotFoundException': Tree> (0x00000000d6158ec0) thrown at [C:\re\workspace\8-2-build-windows-amd64-cygwin\jdk8u71\5731\hotspot\src\share\vm\classfile\systemDictionary.cpp, line 210]
Event: 0.338 Thread 0x0000000002ff2800 Exception <a 'java/lang/ClassNotFoundException': javax/swing/JTreeCell> (0x00000000d6159240) thrown at [C:\re\workspace\8-2-build-windows-amd64-cygwin\jdk8u71\5731\hotspot\src\share\vm\classfile\systemDictionary.cpp, line 210]
Event: 0.338 Thread 0x0000000002ff2800 Exception <a 'java/lang/ClassNotFoundException': TreeCell> (0x00000000d61596c8) thrown at [C:\re\workspace\8-2-build-windows-amd64-cygwin\jdk8u71\5731\hotspot\src\share\vm\classfile\systemDictionary.cpp, line 210]
Event: 0.339 Thread 0x0000000002ff2800 Exception <a 'java/lang/ClassNotFoundException': RootPane> (0x00000000d615a128) thrown at [C:\re\workspace\8-2-build-windows-amd64-cygwin\jdk8u71\5731\hotspot\src\share\vm\classfile\systemDictionary.cpp, line 210]

Events (10 events):
Event: 13.681 Thread 0x0000000019f63800 Thread added: 0x0000000019f63800
Event: 13.703 Thread 0x0000000019f63800 Thread exited: 0x0000000019f63800
Event: 13.717 Thread 0x0000000019f63000 Thread added: 0x0000000019f63000
Event: 13.730 Thread 0x0000000019f63000 Thread exited: 0x0000000019f63000
Event: 13.757 Thread 0x0000000019f61800 Thread added: 0x0000000019f61800
Event: 13.766 loading class javax/swing/Autoscroller
Event: 13.767 loading class javax/swing/Autoscroller done
Event: 13.789 Thread 0x0000000019f61800 Thread exited: 0x0000000019f61800
Event: 13.796 Executing VM operation: BulkRevokeBias
Event: 13.796 Executing VM operation: BulkRevokeBias done


Dynamic libraries:
0x00007ff771f60000 - 0x00007ff771f97000 	C:\Program Files\Java\jdk1.8.0_71\bin\java.exe
0x00007ffb44120000 - 0x00007ffb442f1000 	C:\WINDOWS\SYSTEM32\ntdll.dll
0x00007ffb41880000 - 0x00007ffb4192b000 	C:\WINDOWS\System32\KERNEL32.DLL
0x00007ffb40720000 - 0x00007ffb4093d000 	C:\WINDOWS\System32\KERNELBASE.dll
0x00007ffb43ae0000 - 0x00007ffb43b82000 	C:\WINDOWS\System32\ADVAPI32.dll
0x00007ffb41dc0000 - 0x00007ffb41e5e000 	C:\WINDOWS\System32\msvcrt.dll
0x00007ffb41e60000 - 0x00007ffb41eb9000 	C:\WINDOWS\System32\sechost.dll
0x00007ffb41750000 - 0x00007ffb41871000 	C:\WINDOWS\System32\RPCRT4.dll
0x00007ffb41ee0000 - 0x00007ffb42045000 	C:\WINDOWS\System32\USER32.dll
0x00007ffb41580000 - 0x00007ffb4159e000 	C:\WINDOWS\System32\win32u.dll
0x00007ffb416b0000 - 0x00007ffb416e4000 	C:\WINDOWS\System32\GDI32.dll
0x00007ffb41340000 - 0x00007ffb414c2000 	C:\WINDOWS\System32\gdi32full.dll
0x00007ffb36a50000 - 0x00007ffb36cc9000 	C:\WINDOWS\WinSxS\amd64_microsoft.windows.common-controls_6595b64144ccf1df_6.0.14393.447_none_42191651c6827bb3\COMCTL32.dll
0x00007ffb43cb0000 - 0x00007ffb43f78000 	C:\WINDOWS\System32\combase.dll
0x00007ffb41240000 - 0x00007ffb41335000 	C:\WINDOWS\System32\ucrtbase.dll
0x00007ffb40610000 - 0x00007ffb4067a000 	C:\WINDOWS\System32\bcryptPrimitives.dll
0x00007ffb41bb0000 - 0x00007ffb41bde000 	C:\WINDOWS\System32\IMM32.DLL
0x0000000056f20000 - 0x0000000056ff2000 	C:\Program Files\Java\jdk1.8.0_71\jre\bin\msvcr100.dll
0x0000000057000000 - 0x000000005788f000 	C:\Program Files\Java\jdk1.8.0_71\jre\bin\server\jvm.dll
0x00007ffb41ec0000 - 0x00007ffb41ec8000 	C:\WINDOWS\System32\PSAPI.DLL
0x00007ffb3dd40000 - 0x00007ffb3dd49000 	C:\WINDOWS\SYSTEM32\WSOCK32.dll
0x00007ffb3e9c0000 - 0x00007ffb3e9e3000 	C:\WINDOWS\SYSTEM32\WINMM.dll
0x00007ffb41d50000 - 0x00007ffb41dba000 	C:\WINDOWS\System32\WS2_32.dll
0x00007ffb35be0000 - 0x00007ffb35bea000 	C:\WINDOWS\SYSTEM32\VERSION.dll
0x0000000002d90000 - 0x0000000002dbb000 	C:\WINDOWS\SYSTEM32\WINMMBASE.dll
0x00007ffb411f0000 - 0x00007ffb41232000 	C:\WINDOWS\System32\cfgmgr32.dll
0x0000000058150000 - 0x000000005815f000 	C:\Program Files\Java\jdk1.8.0_71\jre\bin\verify.dll
0x0000000056eb0000 - 0x0000000056ed9000 	C:\Program Files\Java\jdk1.8.0_71\jre\bin\java.dll
0x0000000058130000 - 0x0000000058146000 	C:\Program Files\Java\jdk1.8.0_71\jre\bin\zip.dll
0x00007ffb425d0000 - 0x00007ffb43ad9000 	C:\WINDOWS\System32\SHELL32.dll
0x00007ffb40b10000 - 0x00007ffb411ea000 	C:\WINDOWS\System32\windows.storage.dll
0x00007ffb405a0000 - 0x00007ffb405ec000 	C:\WINDOWS\System32\powrprof.dll
0x00007ffb43c50000 - 0x00007ffb43ca2000 	C:\WINDOWS\System32\shlwapi.dll
0x00007ffb40590000 - 0x00007ffb4059f000 	C:\WINDOWS\System32\kernel.appcore.dll
0x00007ffb41600000 - 0x00007ffb416a9000 	C:\WINDOWS\System32\shcore.dll
0x00007ffb405f0000 - 0x00007ffb40604000 	C:\WINDOWS\System32\profapi.dll
0x0000000056cd0000 - 0x0000000056e68000 	C:\Program Files\Java\jdk1.8.0_71\jre\bin\awt.dll
0x00007ffb43b90000 - 0x00007ffb43c4f000 	C:\WINDOWS\System32\OLEAUT32.dll
0x00007ffb40680000 - 0x00007ffb4071c000 	C:\WINDOWS\System32\msvcp_win.dll
0x00007ffb3eb30000 - 0x00007ffb3ebaa000 	C:\WINDOWS\SYSTEM32\apphelp.dll
0x00007ffb3ed70000 - 0x00007ffb3ee05000 	C:\WINDOWS\system32\uxtheme.dll
0x00007ffb41a50000 - 0x00007ffb41bab000 	C:\WINDOWS\System32\MSCTF.dll
0x00007ffb3e2a0000 - 0x00007ffb3e2c6000 	C:\WINDOWS\system32\dwmapi.dll
0x00007ffb42490000 - 0x00007ffb425c7000 	C:\WINDOWS\System32\ole32.dll
0x0000000056c80000 - 0x0000000056cc7000 	C:\Program Files\Java\jdk1.8.0_71\jre\bin\fontmanager.dll
0x00007ffb41950000 - 0x00007ffb419ef000 	C:\WINDOWS\System32\clbcatq.dll
0x00007ffb3c760000 - 0x00007ffb3c908000 	C:\WINDOWS\SYSTEM32\WindowsCodecs.dll
0x00007ffb31730000 - 0x00007ffb31779000 	C:\WINDOWS\system32\dataexchange.dll
0x00007ffb3d7a0000 - 0x00007ffb3da56000 	C:\WINDOWS\system32\d3d11.dll
0x00007ffb3e400000 - 0x00007ffb3e551000 	C:\WINDOWS\system32\dcomp.dll
0x00007ffb3f500000 - 0x00007ffb3f59f000 	C:\WINDOWS\system32\dxgi.dll
0x00007ffb3efb0000 - 0x00007ffb3f0cc000 	C:\WINDOWS\system32\twinapi.appcore.dll
0x00007ffb404c0000 - 0x00007ffb404eb000 	C:\WINDOWS\system32\bcrypt.dll
0x0000000056e90000 - 0x0000000056eaa000 	C:\Program Files\Java\jdk1.8.0_71\jre\bin\net.dll
0x00007ffb3fd00000 - 0x00007ffb3fd5c000 	C:\WINDOWS\system32\mswsock.dll
0x0000000056e70000 - 0x0000000056e81000 	C:\Program Files\Java\jdk1.8.0_71\jre\bin\nio.dll
0x0000000056c30000 - 0x0000000056c72000 	C:\Program Files\Java\jdk1.8.0_71\jre\bin\t2k.dll
0x0000000180000000 - 0x0000000180126000 	C:\Users\User\AppData\Local\Temp\978781754\iengine_ansi_iso.dll
0x00007ffb36980000 - 0x00007ffb36a05000 	C:\WINDOWS\SYSTEM32\WINSPOOL.DRV
0x00007ffb3fa90000 - 0x00007ffb3fac8000 	C:\WINDOWS\SYSTEM32\iphlpapi.dll
0x00007ffb37ac0000 - 0x00007ffb37b26000 	C:\Users\User\AppData\Local\Temp\978781754\MFS100Dll.dll
0x00007ffb42050000 - 0x00007ffb42479000 	C:\WINDOWS\System32\SETUPAPI.dll
0x0000000059800000 - 0x00000000598a3000 	C:\WINDOWS\WinSxS\amd64_microsoft.vc90.crt_1fc8b3b9a1e18e3b_9.0.30729.9247_none_08e394a1a83e212f\MSVCR90.dll
0x0000000056bf0000 - 0x0000000056c1a000 	C:\Program Files\Java\jdk1.8.0_71\jre\bin\dcpr.dll
0x00007ffb3f1c0000 - 0x00007ffb3f1e8000 	C:\WINDOWS\SYSTEM32\DEVOBJ.dll
0x00007ffb415a0000 - 0x00007ffb415f5000 	C:\WINDOWS\System32\WINTRUST.dll
0x00007ffb40580000 - 0x00007ffb40590000 	C:\WINDOWS\System32\MSASN1.dll
0x00007ffb40940000 - 0x00007ffb40b09000 	C:\WINDOWS\System32\CRYPT32.dll
0x00007ffb3fff0000 - 0x00007ffb40007000 	C:\WINDOWS\SYSTEM32\CRYPTSP.dll
0x00007ffb3ff00000 - 0x00007ffb3ff33000 	C:\WINDOWS\system32\rsaenh.dll
0x00007ffb3fb80000 - 0x00007ffb3fb9f000 	C:\WINDOWS\SYSTEM32\USERENV.dll
0x00007ffb40010000 - 0x00007ffb4001b000 	C:\WINDOWS\SYSTEM32\CRYPTBASE.dll
0x00007ffb41ed0000 - 0x00007ffb41ed8000 	C:\WINDOWS\System32\NSI.dll
0x00007ffb372f0000 - 0x00007ffb37306000 	C:\WINDOWS\SYSTEM32\dhcpcsvc6.DLL
0x00007ffb37280000 - 0x00007ffb3729a000 	C:\WINDOWS\SYSTEM32\dhcpcsvc.DLL
0x00007ffb3d490000 - 0x00007ffb3d622000 	C:\WINDOWS\SYSTEM32\dbghelp.dll

VM Arguments:
jvm_args: -Dfile.encoding=UTF-8 
java_command: evm.RegisterFingerPrint
java_class_path (initial): C:\Program Files\Mantra\MFS100\SDK\Java\Library\MANTRA.MFS100.jar;C:\Program Files\Mantra\MFS100\SDK\Java\Library\commons-codec-1.9.jar;C:\Program Files\Mantra\MFS100\SDK\Java\Library\commons-lang-2.4.jar;D:\Developer\jars\mysql-connector-java-5.1.40-bin.jar;C:\Users\User\Documents\NetBeansProjects\EVM\build\classes
Launcher Type: SUN_STANDARD

Environment Variables:
PATH=C:\ProgramData\Oracle\Java\javapath;C:\Program Files (x86)\Intel\iCLS Client\;C:\Program Files\Intel\iCLS Client\;C:\WINDOWS\system32;C:\WINDOWS;C:\WINDOWS\System32\Wbem;C:\WINDOWS\System32\WindowsPowerShell\v1.0\;C:\Program Files\Hewlett-Packard\SimplePass\;C:\Program Files\Intel\Intel(R) Management Engine Components\DAL;C:\Program Files (x86)\Intel\Intel(R) Management Engine Components\DAL;C:\Program Files\Intel\Intel(R) Management Engine Components\IPT;C:\Program Files (x86)\Intel\Intel(R) Management Engine Components\IPT;C:\Program Files\Java\jdk1.8.0_71\bin\;C:\Program Files\Git\cmd;C:\Program Files\Git\mingw64\bin;C:\Program Files\Git\usr\bin;D:\Qemu\qemu-0.9.0-windows;D:\software\sqlite-tools-win32-x86-3130000\;C:\Program Files (x86)\NVIDIA Corporation\PhysX\Common;C:\Program Files (x86)\Skype\Phone\;C:\WINDOWS\system32;C:\WINDOWS;C:\WINDOWS\System32\Wbem;C:\WINDOWS\System32\WindowsPowerShell\v1.0\;C:\Users\User\AppData\Local\Programs\Python\Python35-32\Scripts\;C:\Users\User\AppData\Local\Programs\Pyt;C:\Users\User\AppData\Local\Programs\Python\Python35-32\Scripts\;C:\Users\User\AppData\Local\Programs\Python\Python35-32\;C:\Users\User\AppData\Local\Microsoft\WindowsApps;
USERNAME=User
OS=Windows_NT
PROCESSOR_IDENTIFIER=Intel64 Family 6 Model 61 Stepping 4, GenuineIntel



---------------  S Y S T E M  ---------------

OS: Windows 10.0 , 64 bit Build 14393 (10.0.14393.0)

CPU:total 4 (2 cores per cpu, 2 threads per core) family 6 model 61 stepping 4, cmov, cx8, fxsr, mmx, sse, sse2, sse3, ssse3, sse4.1, sse4.2, popcnt, avx, avx2, aes, clmul, erms, 3dnowpref, lzcnt, ht, tsc, tscinvbit, bmi1, bmi2, adx

Memory: 4k page, physical 8309004k(3688948k free), swap 11192588k(5209560k free)

vm_info: Java HotSpot(TM) 64-Bit Server VM (25.71-b15) for windows-amd64 JRE (1.8.0_71-b15), built on Dec 22 2015 18:15:55 by "java_re" with MS VC++ 10.0 (VS2010)

time: Mon Dec 19 13:19:23 2016
elapsed time: 13 seconds (0d 0h 0m 13s)

